2024-08-25 02:17:17.968 [info] [main] Log level: Info
2024-08-25 02:17:17.968 [info] [main] Validating found git in: "git"
2024-08-25 02:17:17.968 [info] [main] Using git "2.34.1" from "git"
2024-08-25 02:17:17.968 [info] [Model][doInitialScan] Initial repository scan started
2024-08-25 02:17:17.968 [info] > git rev-parse --show-toplevel [80ms]
2024-08-25 02:17:17.968 [info] fatal: not a git repository (or any of the parent directories): .git
2024-08-25 02:17:17.969 [info] > git rev-parse --show-toplevel [793ms]
2024-08-25 02:17:17.969 [info] fatal: not a git repository (or any of the parent directories): .git
2024-08-25 02:17:18.002 [info] > git rev-parse --show-toplevel [51ms]
2024-08-25 02:17:18.003 [info] fatal: not a git repository (or any of the parent directories): .git
2024-08-25 02:17:18.085 [info] > git rev-parse --show-toplevel [46ms]
2024-08-25 02:17:18.086 [info] fatal: not a git repository (or any of the parent directories): .git
2024-08-25 02:17:18.188 [info] > git rev-parse --show-toplevel [53ms]
2024-08-25 02:17:18.189 [info] fatal: not a git repository (or any of the parent directories): .git
2024-08-25 02:17:18.248 [info] [Model][doInitialScan] Initial repository scan completed - repositories (0), closed repositories (0), parent repositories (0), unsafe repositories (0)
2024-08-25 02:17:19.119 [info] > git rev-parse --show-toplevel [127ms]
2024-08-25 02:17:19.128 [info] fatal: not a git repository (or any of the parent directories): .git
2024-08-25 02:17:19.357 [info] > git rev-parse --show-toplevel [52ms]
2024-08-25 02:17:19.358 [info] fatal: not a git repository (or any of the parent directories): .git
2024-08-25 02:18:17.844 [info] > git rev-parse --show-toplevel [22ms]
2024-08-25 02:18:17.846 [info] fatal: not a git repository (or any of the parent directories): .git
