2024-08-27 19:56:44.871 [info] Extension host with pid 40611 started
2024-08-27 19:56:45.630 [info] ExtensionService#_doActivateExtension vscode.git-base, startup: true, activationEvent: '*', root cause: vscode.git
2024-08-27 19:56:45.858 [info] Lock '/home/diegu003/.vscode-server/data/User/workspaceStorage/bbf695d7cad4cfd635734d52392b7f65/vscode.lock': Lock acquired.
2024-08-27 19:56:46.004 [info] ExtensionService#_doActivateExtension vscode.git, startup: true, activationEvent: '*'
2024-08-27 19:56:46.009 [info] ExtensionService#_doActivateExtension vscode.github, startup: true, activationEvent: '*'
2024-08-27 19:56:49.866 [info] Eager extensions activated
2024-08-27 19:56:49.868 [info] ExtensionService#_doActivateExtension vscode.debug-auto-launch, startup: false, activationEvent: 'onStartupFinished'
2024-08-27 19:56:49.883 [info] ExtensionService#_doActivateExtension vscode.merge-conflict, startup: false, activationEvent: 'onStartupFinished'
2024-08-27 19:56:51.311 [info] ExtensionService#_doActivateExtension vscode.emmet, startup: false, activationEvent: 'onLanguage'
2024-08-27 19:56:54.746 [warning] [Decorations] CAPPING events from decorations provider vscode.git 1365
2024-08-27 19:56:58.262 [warning] [Decorations] CAPPING events from decorations provider vscode.git 1365
2024-08-27 19:57:02.439 [warning] [Decorations] CAPPING events from decorations provider vscode.git 1365
2024-08-27 19:57:07.574 [warning] [Decorations] CAPPING events from decorations provider vscode.git 1365
2024-08-27 19:57:12.724 [warning] [Decorations] CAPPING events from decorations provider vscode.git 1365
2024-08-27 19:57:17.902 [warning] [Decorations] CAPPING events from decorations provider vscode.git 1365
2024-08-27 19:57:23.066 [info] ExtensionService#_doActivateExtension vscode.html-language-features, startup: false, activationEvent: 'onLanguage:html'
2024-08-27 19:57:24.136 [warning] [Decorations] CAPPING events from decorations provider vscode.git 1365
2024-08-27 19:57:31.116 [warning] [Decorations] CAPPING events from decorations provider vscode.git 1366
2024-08-27 19:57:37.101 [warning] [Decorations] CAPPING events from decorations provider vscode.git 1366
2024-08-27 19:57:42.299 [warning] [Decorations] CAPPING events from decorations provider vscode.git 1366
2024-08-27 19:57:47.431 [warning] [Decorations] CAPPING events from decorations provider vscode.git 1366
2024-08-27 19:57:52.556 [warning] [Decorations] CAPPING events from decorations provider vscode.git 1366
2024-08-27 19:57:57.718 [warning] [Decorations] CAPPING events from decorations provider vscode.git 1366
2024-08-27 19:58:02.833 [warning] [Decorations] CAPPING events from decorations provider vscode.git 1366
2024-08-27 19:58:07.964 [warning] [Decorations] CAPPING events from decorations provider vscode.git 1366
2024-08-27 19:58:13.134 [warning] [Decorations] CAPPING events from decorations provider vscode.git 1366
2024-08-27 19:58:18.268 [warning] [Decorations] CAPPING events from decorations provider vscode.git 1366
2024-08-27 19:58:23.390 [warning] [Decorations] CAPPING events from decorations provider vscode.git 1368
2024-08-27 19:59:26.258 [warning] [Decorations] CAPPING events from decorations provider vscode.git 1368
